Determining if the pthread_create exist failed with the following output:
Change Dir: /home/zhao/work/project/circle/cmake-build-debug/CMakeFiles/CMakeTmp

Run Build Command:"/usr/bin/make" "cmTC_ced7c/fast"
/usr/bin/make -f CMakeFiles/cmTC_ced7c.dir/build.make CMakeFiles/cmTC_ced7c.dir/build
make[1]: Entering directory '/home/zhao/work/project/circle/cmake-build-debug/CMakeFiles/CMakeTmp'
Building C object CMakeFiles/cmTC_ced7c.dir/CheckSymbolExists.c.o
/usr/bin/cc   -fPIC    -o CMakeFiles/cmTC_ced7c.dir/CheckSymbolExists.c.o   -c /home/zhao/work/project/circle/cmake-build-debug/CMakeFiles/CMakeTmp/CheckSymbolExists.c
Linking C executable cmTC_ced7c
/home/zhao/software/clion-2018.2.5/bin/cmake/linux/bin/cmake -E cmake_link_script CMakeFiles/cmTC_ced7c.dir/link.txt --verbose=1
/usr/bin/cc -fPIC     CMakeFiles/cmTC_ced7c.dir/CheckSymbolExists.c.o  -o cmTC_ced7c 
CMakeFiles/cmTC_ced7c.dir/CheckSymbolExists.c.o：在函数‘main’中：
CheckSymbolExists.c:(.text+0x1b)：对‘pthread_create’未定义的引用
collect2: error: ld returned 1 exit status
CMakeFiles/cmTC_ced7c.dir/build.make:86: recipe for target 'cmTC_ced7c' failed
make[1]: *** [cmTC_ced7c] Error 1
make[1]: Leaving directory '/home/zhao/work/project/circle/cmake-build-debug/CMakeFiles/CMakeTmp'
Makefile:121: recipe for target 'cmTC_ced7c/fast' failed
make: *** [cmTC_ced7c/fast] Error 2

File /home/zhao/work/project/circle/cmake-build-debug/CMakeFiles/CMakeTmp/CheckSymbolExists.c:
/* */
#include <pthread.h>

int main(int argc, char** argv)
{
  (void)argv;
#ifndef pthread_create
  return ((int*)(&pthread_create))[argc];
#else
  (void)argc;
  return 0;
#endif
}

Determining if the function pthread_create exists in the pthreads failed with the following output:
Change Dir: /home/zhao/work/project/circle/cmake-build-debug/CMakeFiles/CMakeTmp

Run Build Command:"/usr/bin/make" "cmTC_e4246/fast"
/usr/bin/make -f CMakeFiles/cmTC_e4246.dir/build.make CMakeFiles/cmTC_e4246.dir/build
make[1]: Entering directory '/home/zhao/work/project/circle/cmake-build-debug/CMakeFiles/CMakeTmp'
Building C object CMakeFiles/cmTC_e4246.dir/CheckFunctionExists.c.o
/usr/bin/cc   -fPIC -DCHECK_FUNCTION_EXISTS=pthread_create   -o CMakeFiles/cmTC_e4246.dir/CheckFunctionExists.c.o   -c /home/zhao/software/clion-2018.2.5/bin/cmake/linux/share/cmake-3.12/Modules/CheckFunctionExists.c
Linking C executable cmTC_e4246
/home/zhao/software/clion-2018.2.5/bin/cmake/linux/bin/cmake -E cmake_link_script CMakeFiles/cmTC_e4246.dir/link.txt --verbose=1
/usr/bin/cc -fPIC -DCHECK_FUNCTION_EXISTS=pthread_create    CMakeFiles/cmTC_e4246.dir/CheckFunctionExists.c.o  -o cmTC_e4246 -lpthreads 
/usr/bin/ld: 找不到 -lpthreads
collect2: error: ld returned 1 exit status
CMakeFiles/cmTC_e4246.dir/build.make:86: recipe for target 'cmTC_e4246' failed
make[1]: *** [cmTC_e4246] Error 1
make[1]: Leaving directory '/home/zhao/work/project/circle/cmake-build-debug/CMakeFiles/CMakeTmp'
Makefile:121: recipe for target 'cmTC_e4246/fast' failed
make: *** [cmTC_e4246/fast] Error 2


