Determining if the pthread_create exist failed with the following output:
Change Dir: /home/zhao/work/project/circle/cmake-build-release/CMakeFiles/CMakeTmp

Run Build Command:"/usr/bin/make" "cmTC_4a5ef/fast"
/usr/bin/make -f CMakeFiles/cmTC_4a5ef.dir/build.make CMakeFiles/cmTC_4a5ef.dir/build
make[1]: Entering directory '/home/zhao/work/project/circle/cmake-build-release/CMakeFiles/CMakeTmp'
Building C object CMakeFiles/cmTC_4a5ef.dir/CheckSymbolExists.c.o
/usr/bin/cc   -fPIC    -o CMakeFiles/cmTC_4a5ef.dir/CheckSymbolExists.c.o   -c /home/zhao/work/project/circle/cmake-build-release/CMakeFiles/CMakeTmp/CheckSymbolExists.c
Linking C executable cmTC_4a5ef
/home/zhao/software/clion-2018.2.5/bin/cmake/linux/bin/cmake -E cmake_link_script CMakeFiles/cmTC_4a5ef.dir/link.txt --verbose=1
/usr/bin/cc -fPIC     CMakeFiles/cmTC_4a5ef.dir/CheckSymbolExists.c.o  -o cmTC_4a5ef 
CMakeFiles/cmTC_4a5ef.dir/CheckSymbolExists.c.o：在函数‘main’中：
CheckSymbolExists.c:(.text+0x1b)：对‘pthread_create’未定义的引用
collect2: error: ld returned 1 exit status
CMakeFiles/cmTC_4a5ef.dir/build.make:86: recipe for target 'cmTC_4a5ef' failed
make[1]: *** [cmTC_4a5ef] Error 1
make[1]: Leaving directory '/home/zhao/work/project/circle/cmake-build-release/CMakeFiles/CMakeTmp'
Makefile:121: recipe for target 'cmTC_4a5ef/fast' failed
make: *** [cmTC_4a5ef/fast] Error 2

File /home/zhao/work/project/circle/cmake-build-release/CMakeFiles/CMakeTmp/CheckSymbolExists.c:
/* */
#include <pthread.h>

int main(int argc, char** argv)
{
  (void)argv;
#ifndef pthread_create
  return ((int*)(&pthread_create))[argc];
#else
  (void)argc;
  return 0;
#endif
}

Determining if the function pthread_create exists in the pthreads failed with the following output:
Change Dir: /home/zhao/work/project/circle/cmake-build-release/CMakeFiles/CMakeTmp

Run Build Command:"/usr/bin/make" "cmTC_d835e/fast"
/usr/bin/make -f CMakeFiles/cmTC_d835e.dir/build.make CMakeFiles/cmTC_d835e.dir/build
make[1]: Entering directory '/home/zhao/work/project/circle/cmake-build-release/CMakeFiles/CMakeTmp'
Building C object CMakeFiles/cmTC_d835e.dir/CheckFunctionExists.c.o
/usr/bin/cc   -fPIC -DCHECK_FUNCTION_EXISTS=pthread_create   -o CMakeFiles/cmTC_d835e.dir/CheckFunctionExists.c.o   -c /home/zhao/software/clion-2018.2.5/bin/cmake/linux/share/cmake-3.12/Modules/CheckFunctionExists.c
Linking C executable cmTC_d835e
/home/zhao/software/clion-2018.2.5/bin/cmake/linux/bin/cmake -E cmake_link_script CMakeFiles/cmTC_d835e.dir/link.txt --verbose=1
/usr/bin/cc -fPIC -DCHECK_FUNCTION_EXISTS=pthread_create    CMakeFiles/cmTC_d835e.dir/CheckFunctionExists.c.o  -o cmTC_d835e -lpthreads 
/usr/bin/ld: 找不到 -lpthreads
collect2: error: ld returned 1 exit status
CMakeFiles/cmTC_d835e.dir/build.make:86: recipe for target 'cmTC_d835e' failed
make[1]: *** [cmTC_d835e] Error 1
make[1]: Leaving directory '/home/zhao/work/project/circle/cmake-build-release/CMakeFiles/CMakeTmp'
Makefile:121: recipe for target 'cmTC_d835e/fast' failed
make: *** [cmTC_d835e/fast] Error 2


